2023-03-18T18:18:41.388z - info: [contentid-osl2aczhss901a782ha8h] [Coreservice] ContentConfid2h
2023-03-18T18:18:41.388z - error: [contentid-osl2aczhss901a782ha8h] [Coreservice] ContentConfid2h
2023-03-18T18:18:41.388z - info: [contentid-osl2aczhss901a782ha8h] [Coreservice] ContentConfid2h
2023-03-18T18:18:41.388z - warn: [contentid-osl2aczhss901a782ha8h] [Hello] Bring it home.
2023-03-18T18:18:41.388z - info: [contentid-osl2aczhss901a782ha8h] [Hello] Bring it home.
2023-03-18T18:18:41.388z - info: [contentid-osl2aczhss901a782ha8h] [Coreservice] ContentConfid2h
2023-03-16T18:18:37.388z - info: [contentid-1y10aczhs72hsa782ha8h] [Contents] Invalid ClientContentConfig,ContentIdentifierName='Security Screener'
2023-03-16T18:18:37.388z - info: [contentid-1y10aczhs72hsa782ha8h] [Contents] Invalid ClientContentConfig,ContentIdentifierName='Security Screener
2023-03-16T18:18:37.388z - error: [contentid-1y10aczhs72hsa782ha8h] [Contents] Invalid ClientContentConfig,ContentIdentifierName='Security Screener
2023-03-16T18:18:37.388z - info: [contentid-1y10aczhs72hsa782ha8h] [Contents] Invalid ClientContentConfig,ContentIdentifierName='Security Screener
2023-03-16T18:18:37.388z - info: [contentid-1y10aczhs72hsa782ha8h] [AppManager] Invalid ClientContentConfig,ContentIdentifierName='Security Screener
2023-03-16T18:18:37.388z - info: [contentid-1y10aczhs72hsa782ha8h] [Contents] Invalid ClientContentConfig,ContentIdentifierName='Security Screener
2023-03-16T18:18:39.388z - info: [contentid-1y10aczhs72hsa782ha8h] [Contents] Invalid ClientContentConfig,ContentIdentifierName='Security Screener
2023-03-16T18:18:39.388z - warn: [contentid-1hs78czhs72hsa782ha8h] [Contents] Invalid ClientContentConfig,ContentIdentifierName='Security info
2023-03-16T18:18:39.388z - info: [contentid-1y10aczhs72hsa782ha8h] [Content-manager] Invalid ClientContentConfig,ContentIdentifierName='Security Screener
2023-03-16T18:18:39.388z - info: [contentid-1y10aczhs0lhsa782ha8h] [Contents] Invalid ClientContentConfig,ContentIdentifierName='Security Screener
2023-03-16T18:18:39.388z - error: [contentid-1y10aczhss901a782ha8h] [AppManager] Terminate done.
2023-03-16T18:18:39.388z - info: [contentid-1y10aczhss901a782ha8h] [Env] Wiring events.
2023-03-16T18:18:39.388z - warn: [contentid-1y10aczhss901a782ha8h] [Coreservice] entifierName='Secu
2023-03-16T18:18:39.388z - info: [contentid-s71haczhss901a782ha8h] [GarbageCollector] starting
2023-03-16T18:18:40.388z - error: [contentid-1y10aczhss901a782ha8h] [config] Welcome to the party
2023-03-16T18:18:40.388z - info: [contentid-1y10aczhss901a782ha8h] [Hello] Bring it home.
2023-03-16T18:18:40.388z - info: [contentid-s012aczhss901a782ha8h] [Welcome] being starting now
2023-03-16T18:18:40.388z - info: [contentid-1y10aczhss901a782ha8h] [Whatsapp] stop and stare
2023-03-16T18:18:41.388z - info: [contentid-1y10aczhss901a782ha8h] [Bubba] move it move it
2023-03-16T18:18:41.388z - info: [contentid-1y10aczhss901a782ha8h] [Whatsapp] [boyo] "Username":"ZQ1OFX8_G@corp.bankofamerica.com"
2023-03-16T18:18:41.388z - info: [contentid-1y10aczhss901a782ha8h] [Whatsapp] [{"dent"}]
2023-03-16T18:18:41.388z - info: [contentid-1y10aczhss901a782ha8h] [Whatsapp] !{[ContentConfi}]
2023-03-16T18:18:41.388z - info: [contentid-1y10aczhss901a782ha8h] [system-login] CEW starting. CewVersion: 23.5.35
2023-03-16T18:18:41.388z - info: [contentid-1y10aczhss901a782ha8h] [Superduperextrafunspeciallongname] ContentConfi
2023-03-16T18:18:41.388z - info: [contentid-1y10aczhss901a782ha8h] [Whatsapp] [!ContentConfi]
2023-03-16T18:18:41.388z - info: [contentid-1y10aczhss901a782ha8h] [Whatsapp] ContentConfi*
2023-03-16T18:18:41.388z - info: [contentid-1y10aczhss901a782ha8h] [system-login] CEW starting. CewVersion: 23.5.40
2023-03-16T18:18:41.388z - info: [contentid-1y10aczhss901a782ha8h] [Whatsapp] ContentConfi;
2023-03-16T18:18:41.388z - info: [contentid-1y10aczhss901a782ha8h] [system-login] ContentConfi
2023-03-16T18:18:41.388z - info: [contentid-1y10aczhss901a782ha8h] [Whats-app] ContentConfi "Username":"ZQ1OFX8_G@corp.bankofamerica.com"
2023-03-16T18:18:41.388z - info: [contentid-1y10aczhss901a782ha8h] [Whatsapp] ContentIdentifierName='Hello'
2023-03-16T18:18:41.388z - info: [contentid-1y10aczhss901a782ha8h] [Whatsapp] ContentIdentifierName='Goodbye'
2023-03-16T18:18:41.388z - info: [contentid-1y10aczhss901a782ha8h] [Whatsapp] ContentIdentifierName='Welcome'
2023-03-16T18:18:41.388z - info: [contentid-1y10aczhss901a782ha8h] [Whatsapp] ContentIdentifierName=Speech
2023-03-16T18:18:41.388z - info: [contentid-1y10aczhss901a782ha8h] [Whatsapp] ContentIdentifierName= Test
2023-03-16T18:18:41.388z - info: [contentid-1y10aczhss901a782ha8h] [Whatsapp] ContentIdentifierName='Tiger'
2023-03-16T18:18:41.388z - info: [contentid-1y10aczhss901a782ha8h] [Whatsapp] ContentIdentifierName='Elephant'
2023-03-18T18:18:41.388z - info: [contentid-osl2aczhss901a782ha8h] [Coreservice] ContentConfid2h
2023-03-18T18:18:41.388z - warn: [contentid-al0haczhss901a782ha8h] [Whatsapp_] ContentConfi2w8
2023-03-19T18:18:41.388z - info: [contentid-1y10aczhss901a782ha8h] [Whats_app] ContentConfiadsjh
2023-03-19T18:18:41.388z - info: [contentid-1y10aczhss901a782ha8h] [Coreservice] ContentConfi23
2023-03-19T18:18:41.388z - info: [contentid-kz2naczhss901a782ha8h] [Coreservice] ContentConsdew
2023-03-20T18:18:39.388z - info: [contentid-s71haczhss901a782ha8h] [GarbageCollector] starting
2023-03-20T18:18:39.388z - info: [contentid-s71haczhss901a782ha8h] [GarbageCollector] starting
2023-03-20T18:18:39.388z - info: [contentid-s71haczhss901a782ha8h] [system-login] "Username":"ZQ1OFX8_G@corp.bankofamerica.com" Machine=K4851C54FB8FC
2023-03-30T18:18:39.388z - error: [contentid-s71haczhss901a782ha8h] [GarbageCollector] starting
2023-03-30T18:18:39.388z - info: [contentid-s71haczhss901a782ha8h] [Entry] {,"cewVersion":"55.5.35"}
2023-03-31T18:18:39.388z - info: [contentid-s71haczhss901a782ha8h] [Entry] startupArguments: [ 'C:\\dev\\cew-april(2)\\cew.exe']
2023-03-31T18:18:39.388z - warn: [contentid-s71haczhss901a782ha8h] [GarbageCollector] starting
2023-04-01T18:18:39.388z - info: [contentid-s71haczhss901a782ha8h] [GarbageCollector] starting